
################################################################################
#  SCÉNARIO MATRICE ALERTES / NO-DATA (cpu.usage_percent + memory.usage_percent)
#  Machine : debian-dev
#  Client  : Dev
#  Fingerprint : f5355ba885eceec3b226bf1c746d7159baa891d9b47aa6d07369a47a8e4d5cc1
################################################################################

################################################################################
#  SCÉNARIO : 0 - Configuration initiale (SETUP)
################################################################################

🔧 Configuration initiale de la machine et des seuils...

################################################################################
INGEST [setup-initial] → http://localhost:8000/api/v1/ingest/metrics
################################################################################
Payload:
{
  "metadata": {
    "generator": "scenario-matrix-script",
    "version": "0.1",
    "schema_version": "1.0",
    "key": "dev-apikey-123"
  },
  "machine": {
    "hostname": "debian-dev",
    "os": "linux",
    "fingerprint": "f5355ba885eceec3b226bf1c746d7159baa891d9b47aa6d07369a47a8e4d5cc1"
  },
  "metrics": [
    {
      "name": "cpu.usage_percent",
      "value": 20
    },
    {
      "name": "memory.usage_percent",
      "value": 30
    }
  ]
}
HTTP 202
{
  "status": "accepted",
  "ingest_id": "20260103_181420_d872b0e6:setup-initial"
}
[CHECK OK]   Ingestion 'setup-initial'

================================================================================
>> CMD: docker compose -f docker/docker-compose.yml exec -T db psql -U postgres -d monitoring -t -A -c SELECT COUNT(*)     FROM metric_instances     WHERE machine_id = ( SELECT id FROM machines WHERE hostname = 'debian-dev'   AND fingerprint = 'f5355ba885eceec3b226bf1c746d7159baa891d9b47aa6d07369a47a8e4d5cc1'   AND client_id = (SELECT id FROM clients WHERE name = 'Dev') )       AND name_effective IN ('cpu.usage_percent','memory.usage_percent');
================================================================================
2
[CHECK OK]   Commande: docker compose -f docker/docker-compose.yml exec -T db psql -U postgres -d monitoring -t -A -c SELECT COUNT(*)     FROM metric_instances     WHERE machine_id = ( SELECT id FROM machines WHERE hostname = 'debian-dev'   AND fingerprint = 'f5355ba885eceec3b226bf1c746d7159baa891d9b47aa6d07369a47a8e4d5cc1'   AND client_id = (SELECT id FROM clients WHERE name = 'Dev') )       AND name_effective IN ('cpu.usage_percent','memory.usage_percent'); (exit_code=0)
[CHECK OK]   metric_instances créées (cpu+mem): count=2 (>= 2)

================================================================================
>> CMD: docker compose -f docker/docker-compose.yml exec -T db psql -U postgres -d monitoring -c CREATE EXTENSION IF NOT EXISTS pgcrypto;
================================================================================
CREATE EXTENSION
[CHECK OK]   Commande: docker compose -f docker/docker-compose.yml exec -T db psql -U postgres -d monitoring -c CREATE EXTENSION IF NOT EXISTS pgcrypto; (exit_code=0)

🔧 ACTIVATION DE L'ALERTING SUR LES MÉTRIQUES

================================================================================
>> CMD: docker compose -f docker/docker-compose.yml exec -T db psql -U postgres -d monitoring -c UPDATE metric_instances SET is_alerting_enabled = true WHERE machine_id = ( SELECT id FROM machines WHERE hostname = 'debian-dev'   AND fingerprint = 'f5355ba885eceec3b226bf1c746d7159baa891d9b47aa6d07369a47a8e4d5cc1'   AND client_id = (SELECT id FROM clients WHERE name = 'Dev') );
================================================================================
UPDATE 2
[CHECK OK]   Commande: docker compose -f docker/docker-compose.yml exec -T db psql -U postgres -d monitoring -c UPDATE metric_instances SET is_alerting_enabled = true WHERE machine_id = ( SELECT id FROM machines WHERE hostname = 'debian-dev'   AND fingerprint = 'f5355ba885eceec3b226bf1c746d7159baa891d9b47aa6d07369a47a8e4d5cc1'   AND client_id = (SELECT id FROM clients WHERE name = 'Dev') ); (exit_code=0)

================================================================================
>> CMD: docker compose -f docker/docker-compose.yml exec -T db psql -U postgres -d monitoring -c INSERT INTO client_settings (client_id, created_at, updated_at) SELECT id, NOW(), NOW() FROM clients WHERE name = 'Dev'   AND NOT EXISTS (     SELECT 1 FROM client_settings cs     WHERE cs.client_id = clients.id   );
================================================================================
INSERT 0 0
[CHECK OK]   Commande: docker compose -f docker/docker-compose.yml exec -T db psql -U postgres -d monitoring -c INSERT INTO client_settings (client_id, created_at, updated_at) SELECT id, NOW(), NOW() FROM clients WHERE name = 'Dev'   AND NOT EXISTS (     SELECT 1 FROM client_settings cs     WHERE cs.client_id = clients.id   ); (exit_code=0)

🔧 CRÉATION DU SEUIL POUR cpu.usage_percent

================================================================================
>> CMD: docker compose -f docker/docker-compose.yml exec -T db psql -U postgres -d monitoring -t -A -c SELECT id FROM metric_instances WHERE machine_id = ( SELECT id FROM machines WHERE hostname = 'debian-dev'   AND fingerprint = 'f5355ba885eceec3b226bf1c746d7159baa891d9b47aa6d07369a47a8e4d5cc1'   AND client_id = (SELECT id FROM clients WHERE name = 'Dev') )   AND name_effective = 'cpu.usage_percent';
================================================================================
55fdc225-f49a-44cf-9963-260453e72c70
[CHECK OK]   Commande: docker compose -f docker/docker-compose.yml exec -T db psql -U postgres -d monitoring -t -A -c SELECT id FROM metric_instances WHERE machine_id = ( SELECT id FROM machines WHERE hostname = 'debian-dev'   AND fingerprint = 'f5355ba885eceec3b226bf1c746d7159baa891d9b47aa6d07369a47a8e4d5cc1'   AND client_id = (SELECT id FROM clients WHERE name = 'Dev') )   AND name_effective = 'cpu.usage_percent'; (exit_code=0)

================================================================================
>> CMD: docker compose -f docker/docker-compose.yml exec -T db psql -U postgres -d monitoring -t -A -c SELECT COUNT(*) FROM thresholds_new WHERE metric_instance_id = '55fdc225-f49a-44cf-9963-260453e72c70' AND name = 'default';
================================================================================
0
[CHECK OK]   Commande: docker compose -f docker/docker-compose.yml exec -T db psql -U postgres -d monitoring -t -A -c SELECT COUNT(*) FROM thresholds_new WHERE metric_instance_id = '55fdc225-f49a-44cf-9963-260453e72c70' AND name = 'default'; (exit_code=0)
ℹ️  Création d'un nouveau seuil DEFAULT pour cpu.usage_percent...

================================================================================
>> CMD: docker compose -f docker/docker-compose.yml exec -T db psql -U postgres -d monitoring -c INSERT INTO thresholds_new (     id, metric_instance_id, name, condition, value_num,     severity, is_active, consecutive_breaches, created_at, updated_at ) VALUES (     gen_random_uuid(),     '55fdc225-f49a-44cf-9963-260453e72c70',     'default',     'gt',     80.0,     'warning',     true,     1,     NOW(),     NOW() );
================================================================================
INSERT 0 1
[CHECK OK]   Commande: docker compose -f docker/docker-compose.yml exec -T db psql -U postgres -d monitoring -c INSERT INTO thresholds_new (     id, metric_instance_id, name, condition, value_num,     severity, is_active, consecutive_breaches, created_at, updated_at ) VALUES (     gen_random_uuid(),     '55fdc225-f49a-44cf-9963-260453e72c70',     'default',     'gt',     80.0,     'warning',     true,     1,     NOW(),     NOW() ); (exit_code=0)
[CHECK OK]   Configuration seuil DEFAULT cpu.usage_percent

🔧 CRÉATION DU SEUIL POUR memory.usage_percent

================================================================================
>> CMD: docker compose -f docker/docker-compose.yml exec -T db psql -U postgres -d monitoring -t -A -c SELECT id FROM metric_instances WHERE machine_id = ( SELECT id FROM machines WHERE hostname = 'debian-dev'   AND fingerprint = 'f5355ba885eceec3b226bf1c746d7159baa891d9b47aa6d07369a47a8e4d5cc1'   AND client_id = (SELECT id FROM clients WHERE name = 'Dev') )   AND name_effective = 'memory.usage_percent';
================================================================================
619f490e-3767-454a-be55-9f0c656d030e
[CHECK OK]   Commande: docker compose -f docker/docker-compose.yml exec -T db psql -U postgres -d monitoring -t -A -c SELECT id FROM metric_instances WHERE machine_id = ( SELECT id FROM machines WHERE hostname = 'debian-dev'   AND fingerprint = 'f5355ba885eceec3b226bf1c746d7159baa891d9b47aa6d07369a47a8e4d5cc1'   AND client_id = (SELECT id FROM clients WHERE name = 'Dev') )   AND name_effective = 'memory.usage_percent'; (exit_code=0)

================================================================================
>> CMD: docker compose -f docker/docker-compose.yml exec -T db psql -U postgres -d monitoring -t -A -c SELECT COUNT(*) FROM thresholds_new WHERE metric_instance_id = '619f490e-3767-454a-be55-9f0c656d030e' AND name = 'default';
================================================================================
0
[CHECK OK]   Commande: docker compose -f docker/docker-compose.yml exec -T db psql -U postgres -d monitoring -t -A -c SELECT COUNT(*) FROM thresholds_new WHERE metric_instance_id = '619f490e-3767-454a-be55-9f0c656d030e' AND name = 'default'; (exit_code=0)
ℹ️  Création d'un nouveau seuil DEFAULT pour memory.usage_percent...

================================================================================
>> CMD: docker compose -f docker/docker-compose.yml exec -T db psql -U postgres -d monitoring -c INSERT INTO thresholds_new (     id, metric_instance_id, name, condition, value_num,     severity, is_active, consecutive_breaches, created_at, updated_at ) VALUES (     gen_random_uuid(),     '619f490e-3767-454a-be55-9f0c656d030e',     'default',     'gt',     85.0,     'warning',     true,     1,     NOW(),     NOW() );
================================================================================
INSERT 0 1
[CHECK OK]   Commande: docker compose -f docker/docker-compose.yml exec -T db psql -U postgres -d monitoring -c INSERT INTO thresholds_new (     id, metric_instance_id, name, condition, value_num,     severity, is_active, consecutive_breaches, created_at, updated_at ) VALUES (     gen_random_uuid(),     '619f490e-3767-454a-be55-9f0c656d030e',     'default',     'gt',     85.0,     'warning',     true,     1,     NOW(),     NOW() ); (exit_code=0)
[CHECK OK]   Configuration seuil DEFAULT memory.usage_percent

================================================================================
>> CMD: docker compose -f docker/docker-compose.yml exec -T db psql -U postgres -d monitoring -c UPDATE client_settings SET reminder_notification_seconds = 5,     updated_at = NOW() WHERE client_id = (SELECT id FROM clients WHERE name = 'Dev');
================================================================================
UPDATE 1
[CHECK OK]   Commande: docker compose -f docker/docker-compose.yml exec -T db psql -U postgres -d monitoring -c UPDATE client_settings SET reminder_notification_seconds = 5,     updated_at = NOW() WHERE client_id = (SELECT id FROM clients WHERE name = 'Dev'); (exit_code=0)

================================================================================
>> CMD: docker compose -f docker/docker-compose.yml exec -T db psql -U postgres -d monitoring -c UPDATE client_settings SET alert_grouping_enabled = FALSE,     updated_at = NOW() WHERE client_id = (SELECT id FROM clients WHERE name = 'Dev');
================================================================================
UPDATE 1
[CHECK OK]   Commande: docker compose -f docker/docker-compose.yml exec -T db psql -U postgres -d monitoring -c UPDATE client_settings SET alert_grouping_enabled = FALSE,     updated_at = NOW() WHERE client_id = (SELECT id FROM clients WHERE name = 'Dev'); (exit_code=0)

📊 ÉTAT DES METRICS

================================================================================
>> CMD: docker compose -f docker/docker-compose.yml exec -T db psql -U postgres -d monitoring -c SELECT id, machine_id, name_effective, is_alerting_enabled, needs_threshold,        is_paused, last_value, updated_at FROM metric_instances WHERE machine_id = ( SELECT id FROM machines WHERE hostname = 'debian-dev'   AND fingerprint = 'f5355ba885eceec3b226bf1c746d7159baa891d9b47aa6d07369a47a8e4d5cc1'   AND client_id = (SELECT id FROM clients WHERE name = 'Dev') ) ORDER BY name_effective;
================================================================================
                  id                  |              machine_id              |    name_effective    | is_alerting_enabled | needs_threshold | is_paused | last_value |       updated_at       
--------------------------------------+--------------------------------------+----------------------+---------------------+-----------------+-----------+------------+------------------------
 55fdc225-f49a-44cf-9963-260453e72c70 | 4dc40c88-34de-4aa1-be76-717df4bc37c6 | cpu.usage_percent    | t                   | t               | f         | 20.0       | 2026-01-03 17:14:21+00
 619f490e-3767-454a-be55-9f0c656d030e | 4dc40c88-34de-4aa1-be76-717df4bc37c6 | memory.usage_percent | t                   | t               | f         | 30.0       | 2026-01-03 17:14:21+00
(2 rows)
[CHECK OK]   Commande: docker compose -f docker/docker-compose.yml exec -T db psql -U postgres -d monitoring -c SELECT id, machine_id, name_effective, is_alerting_enabled, needs_threshold,        is_paused, last_value, updated_at FROM metric_instances WHERE machine_id = ( SELECT id FROM machines WHERE hostname = 'debian-dev'   AND fingerprint = 'f5355ba885eceec3b226bf1c746d7159baa891d9b47aa6d07369a47a8e4d5cc1'   AND client_id = (SELECT id FROM clients WHERE name = 'Dev') ) ORDER BY name_effective; (exit_code=0)

⚙️  SEUILS CONFIGURÉS

================================================================================
>> CMD: docker compose -f docker/docker-compose.yml exec -T db psql -U postgres -d monitoring -c SELECT t.id, mi.name_effective, t.name, t.condition, t.value_num,        t.severity, t.is_active, t.created_at FROM thresholds_new t JOIN metric_instances mi ON mi.id = t.metric_instance_id WHERE mi.machine_id = ( SELECT id FROM machines WHERE hostname = 'debian-dev'   AND fingerprint = 'f5355ba885eceec3b226bf1c746d7159baa891d9b47aa6d07369a47a8e4d5cc1'   AND client_id = (SELECT id FROM clients WHERE name = 'Dev') ) ORDER BY mi.name_effective, t.name;
================================================================================
                  id                  |    name_effective    |  name   | condition | value_num | severity | is_active |          created_at           
--------------------------------------+----------------------+---------+-----------+-----------+----------+-----------+-------------------------------
 10b7e609-2ebd-44ef-9f19-7316064cdeb5 | cpu.usage_percent    | default | gt        |        80 | warning  | t         | 2026-01-03 17:14:36.715779+00
 25b2e69d-4562-491c-b2f8-9aff3535f883 | memory.usage_percent | default | gt        |        85 | warning  | t         | 2026-01-03 17:14:44.076893+00
(2 rows)
[CHECK OK]   Commande: docker compose -f docker/docker-compose.yml exec -T db psql -U postgres -d monitoring -c SELECT t.id, mi.name_effective, t.name, t.condition, t.value_num,        t.severity, t.is_active, t.created_at FROM thresholds_new t JOIN metric_instances mi ON mi.id = t.metric_instance_id WHERE mi.machine_id = ( SELECT id FROM machines WHERE hostname = 'debian-dev'   AND fingerprint = 'f5355ba885eceec3b226bf1c746d7159baa891d9b47aa6d07369a47a8e4d5cc1'   AND client_id = (SELECT id FROM clients WHERE name = 'Dev') ) ORDER BY mi.name_effective, t.name; (exit_code=0)

>>> Résultat du scénario '0 - Configuration initiale (SETUP)': SUCCESS ✅


################################################################################
#  SCÉNARIO : 1 - Onboarding CPU
################################################################################

################################################################################
INGEST [cpu-onboarding-1] → http://localhost:8000/api/v1/ingest/metrics
################################################################################
Payload:
{
  "metadata": {
    "generator": "scenario-matrix-script",
    "version": "0.1",
    "schema_version": "1.0",
    "key": "dev-apikey-123"
  },
  "machine": {
    "hostname": "debian-dev",
    "os": "linux",
    "fingerprint": "f5355ba885eceec3b226bf1c746d7159baa891d9b47aa6d07369a47a8e4d5cc1"
  },
  "metrics": [
    {
      "name": "cpu.usage_percent",
      "value": 42
    }
  ]
}
HTTP 202
{
  "status": "accepted",
  "ingest_id": "20260103_181420_d872b0e6:cpu-onboarding-1"
}
[CHECK OK]   Ingestion 'cpu-onboarding-1'

--------------------------------------------------------------------------------
⏱  Attente 60s pour: laisser l'ingestion être traitée
--------------------------------------------------------------------------------
  ... 60 s restantes
  ... 50 s restantes
  ... 40 s restantes
  ... 30 s restantes
  ... 20 s restantes
  ... 10 s restantes
⏱  Fin de l'attente.


📊 ÉTAT DES METRICS

================================================================================
>> CMD: docker compose -f docker/docker-compose.yml exec -T db psql -U postgres -d monitoring -c SELECT id, machine_id, name_effective, is_alerting_enabled, needs_threshold,        is_paused, last_value, updated_at FROM metric_instances WHERE machine_id = ( SELECT id FROM machines WHERE hostname = 'debian-dev'   AND fingerprint = 'f5355ba885eceec3b226bf1c746d7159baa891d9b47aa6d07369a47a8e4d5cc1'   AND client_id = (SELECT id FROM clients WHERE name = 'Dev') ) ORDER BY name_effective;
================================================================================
                  id                  |              machine_id              |    name_effective    | is_alerting_enabled | needs_threshold | is_paused | last_value |       updated_at       
--------------------------------------+--------------------------------------+----------------------+---------------------+-----------------+-----------+------------+------------------------
 55fdc225-f49a-44cf-9963-260453e72c70 | 4dc40c88-34de-4aa1-be76-717df4bc37c6 | cpu.usage_percent    | t                   | t               | f         | 42.0       | 2026-01-03 17:14:52+00
 619f490e-3767-454a-be55-9f0c656d030e | 4dc40c88-34de-4aa1-be76-717df4bc37c6 | memory.usage_percent | t                   | t               | f         | 30.0       | 2026-01-03 17:14:21+00
(2 rows)
[CHECK OK]   Commande: docker compose -f docker/docker-compose.yml exec -T db psql -U postgres -d monitoring -c SELECT id, machine_id, name_effective, is_alerting_enabled, needs_threshold,        is_paused, last_value, updated_at FROM metric_instances WHERE machine_id = ( SELECT id FROM machines WHERE hostname = 'debian-dev'   AND fingerprint = 'f5355ba885eceec3b226bf1c746d7159baa891d9b47aa6d07369a47a8e4d5cc1'   AND client_id = (SELECT id FROM clients WHERE name = 'Dev') ) ORDER BY name_effective; (exit_code=0)

🚨 ÉTAT DES INCIDENTS (machine)

================================================================================
>> CMD: docker compose -f docker/docker-compose.yml exec -T db psql -U postgres -d monitoring -c SELECT id, client_id, machine_id, title, severity, status,        created_at, resolved_at FROM incidents WHERE client_id = (SELECT id FROM clients WHERE name = 'Dev')   AND machine_id = ( SELECT id FROM machines WHERE hostname = 'debian-dev'   AND fingerprint = 'f5355ba885eceec3b226bf1c746d7159baa891d9b47aa6d07369a47a8e4d5cc1'   AND client_id = (SELECT id FROM clients WHERE name = 'Dev') ) ORDER BY created_at DESC;
================================================================================
 id | client_id | machine_id | title | severity | status | created_at | resolved_at 
----+-----------+------------+-------+----------+--------+------------+-------------
(0 rows)
[CHECK OK]   Commande: docker compose -f docker/docker-compose.yml exec -T db psql -U postgres -d monitoring -c SELECT id, client_id, machine_id, title, severity, status,        created_at, resolved_at FROM incidents WHERE client_id = (SELECT id FROM clients WHERE name = 'Dev')   AND machine_id = ( SELECT id FROM machines WHERE hostname = 'debian-dev'   AND fingerprint = 'f5355ba885eceec3b226bf1c746d7159baa891d9b47aa6d07369a47a8e4d5cc1'   AND client_id = (SELECT id FROM clients WHERE name = 'Dev') ) ORDER BY created_at DESC; (exit_code=0)

🚨 ÉTAT DES INCIDENTS DE SEUIL (refacto)

================================================================================
>> CMD: docker compose -f docker/docker-compose.yml exec -T db psql -U postgres -d monitoring -c SELECT id, client_id, machine_id, title, severity, status,        created_at, resolved_at FROM incidents WHERE client_id = (SELECT id FROM clients WHERE name = 'Dev')   AND machine_id = ( SELECT id FROM machines WHERE hostname = 'debian-dev'   AND fingerprint = 'f5355ba885eceec3b226bf1c746d7159baa891d9b47aa6d07369a47a8e4d5cc1'   AND client_id = (SELECT id FROM clients WHERE name = 'Dev') )   AND title LIKE 'Machine % : Seuil dépassé sur %' ORDER BY created_at DESC;
================================================================================
 id | client_id | machine_id | title | severity | status | created_at | resolved_at 
----+-----------+------------+-------+----------+--------+------------+-------------
(0 rows)
[CHECK OK]   Commande: docker compose -f docker/docker-compose.yml exec -T db psql -U postgres -d monitoring -c SELECT id, client_id, machine_id, title, severity, status,        created_at, resolved_at FROM incidents WHERE client_id = (SELECT id FROM clients WHERE name = 'Dev')   AND machine_id = ( SELECT id FROM machines WHERE hostname = 'debian-dev'   AND fingerprint = 'f5355ba885eceec3b226bf1c746d7159baa891d9b47aa6d07369a47a8e4d5cc1'   AND client_id = (SELECT id FROM clients WHERE name = 'Dev') )   AND title LIKE 'Machine % : Seuil dépassé sur %' ORDER BY created_at DESC; (exit_code=0)

⚠️  ÉTAT DES ALERTES DE SEUIL

================================================================================
>> CMD: docker compose -f docker/docker-compose.yml exec -T db psql -U postgres -d monitoring -c SELECT id, threshold_id, machine_id, metric_instance_id, status, severity,        current_value, triggered_at, resolved_at, created_at FROM alerts WHERE machine_id = ( SELECT id FROM machines WHERE hostname = 'debian-dev'   AND fingerprint = 'f5355ba885eceec3b226bf1c746d7159baa891d9b47aa6d07369a47a8e4d5cc1'   AND client_id = (SELECT id FROM clients WHERE name = 'Dev') ) ORDER BY created_at DESC LIMIT 50;
================================================================================
 id | threshold_id | machine_id | metric_instance_id | status | severity | current_value | triggered_at | resolved_at | created_at 
----+--------------+------------+--------------------+--------+----------+---------------+--------------+-------------+------------
(0 rows)
[CHECK OK]   Commande: docker compose -f docker/docker-compose.yml exec -T db psql -U postgres -d monitoring -c SELECT id, threshold_id, machine_id, metric_instance_id, status, severity,        current_value, triggered_at, resolved_at, created_at FROM alerts WHERE machine_id = ( SELECT id FROM machines WHERE hostname = 'debian-dev'   AND fingerprint = 'f5355ba885eceec3b226bf1c746d7159baa891d9b47aa6d07369a47a8e4d5cc1'   AND client_id = (SELECT id FROM clients WHERE name = 'Dev') ) ORDER BY created_at DESC LIMIT 50; (exit_code=0)

✉️  DERNIÈRES NOTIFICATIONS

================================================================================
>> CMD: docker compose -f docker/docker-compose.yml exec -T db psql -U postgres -d monitoring -c SELECT id, client_id, incident_id, alert_id, provider, recipient,        status, message, sent_at, created_at FROM notification_log WHERE client_id = (SELECT id FROM clients WHERE name = 'Dev') ORDER BY created_at DESC LIMIT 20;
================================================================================
 id | client_id | incident_id | alert_id | provider | recipient | status | message | sent_at | created_at 
----+-----------+-------------+----------+----------+-----------+--------+---------+---------+------------
(0 rows)
[CHECK OK]   Commande: docker compose -f docker/docker-compose.yml exec -T db psql -U postgres -d monitoring -c SELECT id, client_id, incident_id, alert_id, provider, recipient,        status, message, sent_at, created_at FROM notification_log WHERE client_id = (SELECT id FROM clients WHERE name = 'Dev') ORDER BY created_at DESC LIMIT 20; (exit_code=0)

>>> Résultat du scénario '1 - Onboarding CPU': SUCCESS ✅


################################################################################
#  SCÉNARIO : 2 - NO-DATA machine DOWN
################################################################################

--------------------------------------------------------------------------------
⏱  Attente 320s pour: laisser NO-DATA se déclencher (machine DOWN)
--------------------------------------------------------------------------------
  ... 320 s restantes
  ... 310 s restantes
  ... 300 s restantes
  ... 290 s restantes
  ... 280 s restantes
  ... 270 s restantes
  ... 260 s restantes
  ... 250 s restantes
  ... 240 s restantes
  ... 230 s restantes
  ... 220 s restantes
  ... 210 s restantes
  ... 200 s restantes
  ... 190 s restantes
  ... 180 s restantes
  ... 170 s restantes
  ... 160 s restantes
  ... 150 s restantes
  ... 140 s restantes
  ... 130 s restantes
  ... 120 s restantes
  ... 110 s restantes
  ... 100 s restantes
  ... 90 s restantes
  ... 80 s restantes
  ... 70 s restantes
  ... 60 s restantes
  ... 50 s restantes
  ... 40 s restantes
  ... 30 s restantes
  ... 20 s restantes
  ... 10 s restantes
⏱  Fin de l'attente.


📊 ÉTAT DES METRICS

================================================================================
>> CMD: docker compose -f docker/docker-compose.yml exec -T db psql -U postgres -d monitoring -c SELECT id, machine_id, name_effective, is_alerting_enabled, needs_threshold,        is_paused, last_value, updated_at FROM metric_instances WHERE machine_id = ( SELECT id FROM machines WHERE hostname = 'debian-dev'   AND fingerprint = 'f5355ba885eceec3b226bf1c746d7159baa891d9b47aa6d07369a47a8e4d5cc1'   AND client_id = (SELECT id FROM clients WHERE name = 'Dev') ) ORDER BY name_effective;
================================================================================
                  id                  |              machine_id              |    name_effective    | is_alerting_enabled | needs_threshold | is_paused | last_value |       updated_at       
--------------------------------------+--------------------------------------+----------------------+---------------------+-----------------+-----------+------------+------------------------
 55fdc225-f49a-44cf-9963-260453e72c70 | 4dc40c88-34de-4aa1-be76-717df4bc37c6 | cpu.usage_percent    | t                   | t               | f         | 42.0       | 2026-01-03 17:14:52+00
 619f490e-3767-454a-be55-9f0c656d030e | 4dc40c88-34de-4aa1-be76-717df4bc37c6 | memory.usage_percent | t                   | t               | f         | 30.0       | 2026-01-03 17:14:21+00
(2 rows)
[CHECK OK]   Commande: docker compose -f docker/docker-compose.yml exec -T db psql -U postgres -d monitoring -c SELECT id, machine_id, name_effective, is_alerting_enabled, needs_threshold,        is_paused, last_value, updated_at FROM metric_instances WHERE machine_id = ( SELECT id FROM machines WHERE hostname = 'debian-dev'   AND fingerprint = 'f5355ba885eceec3b226bf1c746d7159baa891d9b47aa6d07369a47a8e4d5cc1'   AND client_id = (SELECT id FROM clients WHERE name = 'Dev') ) ORDER BY name_effective; (exit_code=0)

🚨 ÉTAT DES INCIDENTS (machine)

================================================================================
>> CMD: docker compose -f docker/docker-compose.yml exec -T db psql -U postgres -d monitoring -c SELECT id, client_id, machine_id, title, severity, status,        created_at, resolved_at FROM incidents WHERE client_id = (SELECT id FROM clients WHERE name = 'Dev')   AND machine_id = ( SELECT id FROM machines WHERE hostname = 'debian-dev'   AND fingerprint = 'f5355ba885eceec3b226bf1c746d7159baa891d9b47aa6d07369a47a8e4d5cc1'   AND client_id = (SELECT id FROM clients WHERE name = 'Dev') ) ORDER BY created_at DESC;
================================================================================
                  id                  |              client_id               |              machine_id              |                   title                    | severity | status |          created_at           | resolved_at 
--------------------------------------+--------------------------------------+--------------------------------------+--------------------------------------------+----------+--------+-------------------------------+-------------
 0750ffa4-5e79-48a6-b536-a31b3e1c8a61 | c36fcbb5-c780-4712-9d01-e7f8388aec99 | 4dc40c88-34de-4aa1-be76-717df4bc37c6 | Machine debian-dev : pas de donnée envoyée | critical | OPEN   | 2026-01-03 17:20:06.070554+00 | 
(1 row)
[CHECK OK]   Commande: docker compose -f docker/docker-compose.yml exec -T db psql -U postgres -d monitoring -c SELECT id, client_id, machine_id, title, severity, status,        created_at, resolved_at FROM incidents WHERE client_id = (SELECT id FROM clients WHERE name = 'Dev')   AND machine_id = ( SELECT id FROM machines WHERE hostname = 'debian-dev'   AND fingerprint = 'f5355ba885eceec3b226bf1c746d7159baa891d9b47aa6d07369a47a8e4d5cc1'   AND client_id = (SELECT id FROM clients WHERE name = 'Dev') ) ORDER BY created_at DESC; (exit_code=0)

🚨 ÉTAT DES INCIDENTS NO-DATA (refacto)

================================================================================
>> CMD: docker compose -f docker/docker-compose.yml exec -T db psql -U postgres -d monitoring -c SELECT id, client_id, machine_id, title, severity, status,        created_at, resolved_at FROM incidents WHERE client_id = (SELECT id FROM clients WHERE name = 'Dev')   AND machine_id = ( SELECT id FROM machines WHERE hostname = 'debian-dev'   AND fingerprint = 'f5355ba885eceec3b226bf1c746d7159baa891d9b47aa6d07369a47a8e4d5cc1'   AND client_id = (SELECT id FROM clients WHERE name = 'Dev') )   AND    (    title LIKE 'Machine % : pas de donnée envoyée%'      OR title LIKE '%Métrique donnée manquante :%'   )  ORDER BY created_at DESC;
================================================================================
                  id                  |              client_id               |              machine_id              |                   title                    | severity | status |          created_at           | resolved_at 
--------------------------------------+--------------------------------------+--------------------------------------+--------------------------------------------+----------+--------+-------------------------------+-------------
 0750ffa4-5e79-48a6-b536-a31b3e1c8a61 | c36fcbb5-c780-4712-9d01-e7f8388aec99 | 4dc40c88-34de-4aa1-be76-717df4bc37c6 | Machine debian-dev : pas de donnée envoyée | critical | OPEN   | 2026-01-03 17:20:06.070554+00 | 
(1 row)
[CHECK OK]   Commande: docker compose -f docker/docker-compose.yml exec -T db psql -U postgres -d monitoring -c SELECT id, client_id, machine_id, title, severity, status,        created_at, resolved_at FROM incidents WHERE client_id = (SELECT id FROM clients WHERE name = 'Dev')   AND machine_id = ( SELECT id FROM machines WHERE hostname = 'debian-dev'   AND fingerprint = 'f5355ba885eceec3b226bf1c746d7159baa891d9b47aa6d07369a47a8e4d5cc1'   AND client_id = (SELECT id FROM clients WHERE name = 'Dev') )   AND    (    title LIKE 'Machine % : pas de donnée envoyée%'      OR title LIKE '%Métrique donnée manquante :%'   )  ORDER BY created_at DESC; (exit_code=0)

✉️  DERNIÈRES NOTIFICATIONS

================================================================================
>> CMD: docker compose -f docker/docker-compose.yml exec -T db psql -U postgres -d monitoring -c SELECT id, client_id, incident_id, alert_id, provider, recipient,        status, message, sent_at, created_at FROM notification_log WHERE client_id = (SELECT id FROM clients WHERE name = 'Dev') ORDER BY created_at DESC LIMIT 20;
================================================================================
                  id                  |              client_id               |             incident_id              | alert_id | provider |          recipient           | status  |                                   message                                   |            sent_at            |          created_at           
--------------------------------------+--------------------------------------+--------------------------------------+----------+----------+------------------------------+---------+-----------------------------------------------------------------------------+-------------------------------+-------------------------------
 5f6d534e-6113-4826-941e-ca82a943585f | c36fcbb5-c780-4712-9d01-e7f8388aec99 | 0750ffa4-5e79-48a6-b536-a31b3e1c8a61 |          | email    | frederic.gilgarcia@gmail.com | success | (#001) 🚨 [debian-dev] : machine ne communique plus: Machine: debian-dev   +| 2026-01-03 17:20:08.725295+00 | 2026-01-03 17:20:08.749352+00
                                      |                                      |                                      |          |          |                              |         | Toutes les métriques actives non mises en pause sont sans données récentes.+|                               | 
                                      |                                      |                                      |          |          |                              |         | Dernière activité connue: 344s (seuil 300s).                                |                               | 
 0ab1c968-6196-40b4-b18b-826aca616f4e | c36fcbb5-c780-4712-9d01-e7f8388aec99 | 0750ffa4-5e79-48a6-b536-a31b3e1c8a61 |          | slack    | #notif-webhook               | success | (#001) 🚨 [debian-dev] : machine ne communique plus: Machine: debian-dev   +| 2026-01-03 17:20:08.194671+00 | 2026-01-03 17:20:08.295458+00
                                      |                                      |                                      |          |          |                              |         | Toutes les métriques actives non mises en pause sont sans données récentes.+|                               | 
                                      |                                      |                                      |          |          |                              |         | Dernière activité connue: 344s (seuil 300s).                                |                               | 
(2 rows)
[CHECK OK]   Commande: docker compose -f docker/docker-compose.yml exec -T db psql -U postgres -d monitoring -c SELECT id, client_id, incident_id, alert_id, provider, recipient,        status, message, sent_at, created_at FROM notification_log WHERE client_id = (SELECT id FROM clients WHERE name = 'Dev') ORDER BY created_at DESC LIMIT 20; (exit_code=0)

>>> Résultat du scénario '2 - NO-DATA machine DOWN': SUCCESS ✅


################################################################################
#  SCÉNARIO : 3 - Restauration complète machine
################################################################################

################################################################################
INGEST [cpu-restore-full] → http://localhost:8000/api/v1/ingest/metrics
################################################################################
Payload:
{
  "metadata": {
    "generator": "scenario-matrix-script",
    "version": "0.1",
    "schema_version": "1.0",
    "key": "dev-apikey-123"
  },
  "machine": {
    "hostname": "debian-dev",
    "os": "linux",
    "fingerprint": "f5355ba885eceec3b226bf1c746d7159baa891d9b47aa6d07369a47a8e4d5cc1"
  },
  "metrics": [
    {
      "name": "cpu.usage_percent",
      "value": 30
    }
  ]
}
HTTP 202
{
  "status": "accepted",
  "ingest_id": "20260103_181420_d872b0e6:cpu-restore-full"
}
[CHECK OK]   Ingestion 'cpu-restore-full'

--------------------------------------------------------------------------------
⏱  Attente 60s pour: laisser freshness/evaluate traiter la restauration
--------------------------------------------------------------------------------
  ... 60 s restantes
  ... 50 s restantes
  ... 40 s restantes
  ... 30 s restantes
  ... 20 s restantes
